I, [2016-08-22T12:54:32.662966 #3940]  INFO -- default-server: -----> Creating <default-server>...
I, [2016-08-22T12:54:37.263753 #3940]  INFO -- default-server: Bringing machine 'default' up with 'virtualbox' provider...
I, [2016-08-22T12:54:37.967827 #3940]  INFO -- default-server: ==> default: Importing base box 'learningchef/centos65'...
I, [2016-08-22T12:55:12.208391 #3940]  INFO -- default-server: [KProgress: 20%[KProgress: 40%[KProgress: 60%[KProgress: 80%[KProgress: 90%[K==> default: Matching MAC address for NAT networking...
I, [2016-08-22T12:55:12.612121 #3940]  INFO -- default-server: ==> default: Checking if box 'learningchef/centos65' is up to date...
I, [2016-08-22T12:55:14.295440 #3940]  INFO -- default-server: ==> default: Setting the name of the VM: kitchen-apache-default-server_default_1471884914189_20138
I, [2016-08-22T12:55:16.024807 #3940]  INFO -- default-server: ==> default: Clearing any previously set network interfaces...
I, [2016-08-22T12:55:16.506334 #3940]  INFO -- default-server: ==> default: Preparing network interfaces based on configuration...
I, [2016-08-22T12:55:16.506334 #3940]  INFO -- default-server:     default: Adapter 1: nat
I, [2016-08-22T12:55:16.506334 #3940]  INFO -- default-server:     default: Adapter 2: hostonly
I, [2016-08-22T12:55:16.712575 #3940]  INFO -- default-server: ==> default: Forwarding ports...
I, [2016-08-22T12:55:16.834203 #3940]  INFO -- default-server:     default: 22 (guest) => 2222 (host) (adapter 1)
I, [2016-08-22T12:55:17.363986 #3940]  INFO -- default-server: ==> default: Booting VM...
I, [2016-08-22T12:55:22.844942 #3940]  INFO -- default-server: ==> default: Waiting for machine to boot. This may take a few minutes...
I, [2016-08-22T12:55:23.488473 #3940]  INFO -- default-server:     default: SSH address: 127.0.0.1:2222
I, [2016-08-22T12:55:23.488473 #3940]  INFO -- default-server:     default: SSH username: vagrant
I, [2016-08-22T12:55:23.490429 #3940]  INFO -- default-server:     default: SSH auth method: password
I, [2016-08-22T12:55:49.269668 #3940]  INFO -- default-server:     default: 
I, [2016-08-22T12:55:49.269668 #3940]  INFO -- default-server:     default: Inserting generated public key within guest...
I, [2016-08-22T12:55:49.658694 #3940]  INFO -- default-server:     default: Removing insecure key from the guest if it's present...
I, [2016-08-22T12:55:50.056264 #3940]  INFO -- default-server:     default: Key inserted! Disconnecting and reconnecting using new SSH key...
I, [2016-08-22T12:55:50.957635 #3940]  INFO -- default-server: ==> default: Machine booted and ready!
I, [2016-08-22T12:55:50.957635 #3940]  INFO -- default-server: ==> default: Checking for guest additions in VM...
I, [2016-08-22T12:55:51.129458 #3940]  INFO -- default-server:     default: The guest additions on this VM do not match the installed version of
I, [2016-08-22T12:55:51.129458 #3940]  INFO -- default-server:     default: VirtualBox! In most cases this is fine, but in rare cases it can
I, [2016-08-22T12:55:51.129458 #3940]  INFO -- default-server:     default: prevent things such as shared folders from working properly. If you see
I, [2016-08-22T12:55:51.129458 #3940]  INFO -- default-server:     default: shared folder errors, please make sure the guest additions within the
I, [2016-08-22T12:55:51.129458 #3940]  INFO -- default-server:     default: virtual machine match the version of VirtualBox you have installed on
I, [2016-08-22T12:55:51.129458 #3940]  INFO -- default-server:     default: your host and reload your VM.
I, [2016-08-22T12:55:51.129458 #3940]  INFO -- default-server:     default: 
I, [2016-08-22T12:55:51.129458 #3940]  INFO -- default-server:     default: Guest Additions Version: 4.3.20
I, [2016-08-22T12:55:51.130434 #3940]  INFO -- default-server:     default: VirtualBox Version: 5.1
I, [2016-08-22T12:55:51.130434 #3940]  INFO -- default-server: ==> default: Setting hostname...
I, [2016-08-22T12:55:56.538194 #3940]  INFO -- default-server: ==> default: Configuring and enabling network interfaces...
I, [2016-08-22T12:55:57.290745 #3940]  INFO -- default-server: ==> default: Machine not provisioned because `--no-provision` is specified.
I, [2016-08-22T12:56:02.738598 #3940]  INFO -- default-server: Waiting for SSH service on 127.0.0.1:2222, retrying in 3 seconds
I, [2016-08-22T12:56:05.830507 #3940]  INFO -- default-server: Waiting for SSH service on 127.0.0.1:2222, retrying in 3 seconds
I, [2016-08-22T12:56:08.924986 #3940]  INFO -- default-server: Waiting for SSH service on 127.0.0.1:2222, retrying in 3 seconds
I, [2016-08-22T12:56:12.021711 #3940]  INFO -- default-server: Waiting for SSH service on 127.0.0.1:2222, retrying in 3 seconds
