I, [2016-08-22T21:57:18.086265 #3252]  INFO -- default-node2: -----> Creating <default-node2>...
I, [2016-08-22T21:57:23.262356 #3252]  INFO -- default-node2: Bringing machine 'default' up with 'virtualbox' provider...
I, [2016-08-22T21:57:24.568293 #3252]  INFO -- default-node2: ==> default: Importing base box 'learningchef/centos65'...
I, [2016-08-22T21:57:53.697460 #3252]  INFO -- default-node2: [KProgress: 20%[KProgress: 40%[KProgress: 60%[KProgress: 80%[KProgress: 90%[K==> default: Matching MAC address for NAT networking...
I, [2016-08-22T21:57:53.995196 #3252]  INFO -- default-node2: ==> default: Checking if box 'learningchef/centos65' is up to date...
I, [2016-08-22T21:57:56.872554 #3252]  INFO -- default-node2: ==> default: Setting the name of the VM: kitchen-apache-default-node2_default_1471917476766_25161
I, [2016-08-22T21:57:58.850118 #3252]  INFO -- default-node2: ==> default: Clearing any previously set network interfaces...
I, [2016-08-22T21:57:59.295180 #3252]  INFO -- default-node2: ==> default: Preparing network interfaces based on configuration...
I, [2016-08-22T21:57:59.295180 #3252]  INFO -- default-node2:     default: Adapter 1: nat
I, [2016-08-22T21:57:59.295180 #3252]  INFO -- default-node2:     default: Adapter 2: hostonly
I, [2016-08-22T21:57:59.524830 #3252]  INFO -- default-node2: ==> default: Forwarding ports...
I, [2016-08-22T21:57:59.646983 #3252]  INFO -- default-node2:     default: 22 (guest) => 2222 (host) (adapter 1)
I, [2016-08-22T21:58:00.144016 #3252]  INFO -- default-node2: ==> default: Booting VM...
I, [2016-08-22T21:58:06.805579 #3252]  INFO -- default-node2: ==> default: Waiting for machine to boot. This may take a few minutes...
I, [2016-08-22T21:58:07.444061 #3252]  INFO -- default-node2:     default: SSH address: 127.0.0.1:2222
I, [2016-08-22T21:58:07.444061 #3252]  INFO -- default-node2:     default: SSH username: vagrant
I, [2016-08-22T21:58:07.444061 #3252]  INFO -- default-node2:     default: SSH auth method: password
I, [2016-08-22T21:58:25.431959 #3252]  INFO -- default-node2:     default: 
I, [2016-08-22T21:58:25.432270 #3252]  INFO -- default-node2:     default: Inserting generated public key within guest...
I, [2016-08-22T21:58:25.753452 #3252]  INFO -- default-node2:     default: Removing insecure key from the guest if it's present...
I, [2016-08-22T21:58:26.174121 #3252]  INFO -- default-node2:     default: Key inserted! Disconnecting and reconnecting using new SSH key...
I, [2016-08-22T21:58:26.875112 #3252]  INFO -- default-node2: ==> default: Machine booted and ready!
I, [2016-08-22T21:58:26.875112 #3252]  INFO -- default-node2: ==> default: Checking for guest additions in VM...
I, [2016-08-22T21:58:27.023921 #3252]  INFO -- default-node2:     default: The guest additions on this VM do not match the installed version of
I, [2016-08-22T21:58:27.023921 #3252]  INFO -- default-node2:     default: VirtualBox! In most cases this is fine, but in rare cases it can
I, [2016-08-22T21:58:27.023921 #3252]  INFO -- default-node2:     default: prevent things such as shared folders from working properly. If you see
I, [2016-08-22T21:58:27.023921 #3252]  INFO -- default-node2:     default: shared folder errors, please make sure the guest additions within the
I, [2016-08-22T21:58:27.023921 #3252]  INFO -- default-node2:     default: virtual machine match the version of VirtualBox you have installed on
I, [2016-08-22T21:58:27.023921 #3252]  INFO -- default-node2:     default: your host and reload your VM.
I, [2016-08-22T21:58:27.024899 #3252]  INFO -- default-node2:     default: 
I, [2016-08-22T21:58:27.024899 #3252]  INFO -- default-node2:     default: Guest Additions Version: 4.3.20
I, [2016-08-22T21:58:27.024899 #3252]  INFO -- default-node2:     default: VirtualBox Version: 5.1
I, [2016-08-22T21:58:27.024899 #3252]  INFO -- default-node2: ==> default: Setting hostname...
I, [2016-08-22T21:58:32.454834 #3252]  INFO -- default-node2: ==> default: Configuring and enabling network interfaces...
I, [2016-08-22T21:58:33.166853 #3252]  INFO -- default-node2: ==> default: Machine not provisioned because `--no-provision` is specified.
I, [2016-08-22T21:58:38.467577 #3252]  INFO -- default-node2: Waiting for SSH service on 127.0.0.1:2222, retrying in 3 seconds
I, [2016-08-22T21:58:41.571215 #3252]  INFO -- default-node2: Waiting for SSH service on 127.0.0.1:2222, retrying in 3 seconds
