I, [2016-08-22T17:39:02.796858 #6496]  INFO -- default-node: -----> Creating <default-node>...
I, [2016-08-22T17:39:07.757503 #6496]  INFO -- default-node: Bringing machine 'default' up with 'virtualbox' provider...
I, [2016-08-22T17:39:08.257691 #6496]  INFO -- default-node: ==> default: Importing base box 'learningchef/centos65'...
I, [2016-08-22T17:39:43.017214 #6496]  INFO -- default-node: [KProgress: 20%[KProgress: 40%[KProgress: 60%[KProgress: 80%[KProgress: 90%[K==> default: Matching MAC address for NAT networking...
I, [2016-08-22T17:39:43.437091 #6496]  INFO -- default-node: ==> default: Checking if box 'learningchef/centos65' is up to date...
I, [2016-08-22T17:39:47.917871 #6496]  INFO -- default-node: ==> default: Setting the name of the VM: kitchen-apache-default-node_default_1471901987808_64754
I, [2016-08-22T17:39:49.703961 #6496]  INFO -- default-node: ==> default: Fixed port collision for 22 => 2222. Now on port 2200.
I, [2016-08-22T17:39:49.814197 #6496]  INFO -- default-node: ==> default: Clearing any previously set network interfaces...
I, [2016-08-22T17:39:50.259070 #6496]  INFO -- default-node: ==> default: Preparing network interfaces based on configuration...
I, [2016-08-22T17:39:50.259070 #6496]  INFO -- default-node:     default: Adapter 1: nat
I, [2016-08-22T17:39:50.259070 #6496]  INFO -- default-node:     default: Adapter 2: hostonly
I, [2016-08-22T17:39:50.426871 #6496]  INFO -- default-node: ==> default: Forwarding ports...
I, [2016-08-22T17:39:50.534974 #6496]  INFO -- default-node:     default: 22 (guest) => 2200 (host) (adapter 1)
I, [2016-08-22T17:39:50.985654 #6496]  INFO -- default-node: ==> default: Booting VM...
I, [2016-08-22T17:39:59.466408 #6496]  INFO -- default-node: ==> default: Waiting for machine to boot. This may take a few minutes...
I, [2016-08-22T17:40:01.556358 #6496]  INFO -- default-node:     default: SSH address: 127.0.0.1:2200
I, [2016-08-22T17:40:01.556358 #6496]  INFO -- default-node:     default: SSH username: vagrant
I, [2016-08-22T17:40:01.556358 #6496]  INFO -- default-node:     default: SSH auth method: password
I, [2016-08-22T17:40:19.800459 #6496]  INFO -- default-node:     default: 
I, [2016-08-22T17:40:19.800459 #6496]  INFO -- default-node:     default: Inserting generated public key within guest...
I, [2016-08-22T17:40:20.222688 #6496]  INFO -- default-node:     default: Removing insecure key from the guest if it's present...
I, [2016-08-22T17:40:20.580994 #6496]  INFO -- default-node:     default: Key inserted! Disconnecting and reconnecting using new SSH key...
I, [2016-08-22T17:40:21.521027 #6496]  INFO -- default-node: ==> default: Machine booted and ready!
I, [2016-08-22T17:40:21.521027 #6496]  INFO -- default-node: ==> default: Checking for guest additions in VM...
I, [2016-08-22T17:40:21.662576 #6496]  INFO -- default-node:     default: The guest additions on this VM do not match the installed version of
I, [2016-08-22T17:40:21.662576 #6496]  INFO -- default-node:     default: VirtualBox! In most cases this is fine, but in rare cases it can
I, [2016-08-22T17:40:21.662576 #6496]  INFO -- default-node:     default: prevent things such as shared folders from working properly. If you see
I, [2016-08-22T17:40:21.662576 #6496]  INFO -- default-node:     default: shared folder errors, please make sure the guest additions within the
I, [2016-08-22T17:40:21.663560 #6496]  INFO -- default-node:     default: virtual machine match the version of VirtualBox you have installed on
I, [2016-08-22T17:40:21.663560 #6496]  INFO -- default-node:     default: your host and reload your VM.
I, [2016-08-22T17:40:21.663560 #6496]  INFO -- default-node:     default: 
I, [2016-08-22T17:40:21.663560 #6496]  INFO -- default-node:     default: Guest Additions Version: 4.3.20
I, [2016-08-22T17:40:21.663560 #6496]  INFO -- default-node:     default: VirtualBox Version: 5.1
I, [2016-08-22T17:40:21.663560 #6496]  INFO -- default-node: ==> default: Setting hostname...
I, [2016-08-22T17:40:28.270273 #6496]  INFO -- default-node: ==> default: Configuring and enabling network interfaces...
I, [2016-08-22T17:40:29.284537 #6496]  INFO -- default-node: ==> default: Machine not provisioned because `--no-provision` is specified.
I, [2016-08-22T17:40:34.853340 #6496]  INFO -- default-node: Waiting for SSH service on 127.0.0.1:2200, retrying in 3 seconds
I, [2016-08-22T17:40:37.974612 #6496]  INFO -- default-node: Waiting for SSH service on 127.0.0.1:2200, retrying in 3 seconds
I, [2016-08-22T17:40:41.063646 #6496]  INFO -- default-node: Waiting for SSH service on 127.0.0.1:2200, retrying in 3 seconds
